[0301/091058.053:ERROR:process_reader_win.cc(123)] NtOpenThread: {Access Denied} A process has requested access to an object, but has not been granted those access rights. (0xc0000022)
[0301/091058.082:ERROR:exception_snapshot_win.cc(98)] thread ID 10264 not found in process
[0301/151116.334:ERROR:process_reader_win.cc(123)] NtOpenThread: {Access Denied} A process has requested access to an object, but has not been granted those access rights. (0xc0000022)
[0301/151116.371:ERROR:exception_snapshot_win.cc(98)] thread ID 564 not found in process
[0301/151116.334:ERROR:process_reader_win.cc(123)] NtOpenThread: {Access Denied} A process has requested access to an object, but has not been granted those access rights. (0xc0000022)
[0301/151116.334:ERROR:process_reader_win.cc(123)] NtOpenThread: {Access Denied} A process has requested access to an object, but has not been granted those access rights. (0xc0000022)
[0301/151116.334:ERROR:process_reader_win.cc(123)] NtOpenThread: {Access Denied} A process has requested access to an object, but has not been granted those access rights. (0xc0000022)
[0301/151116.334:ERROR:process_reader_win.cc(123)] NtOpenThread: {Access Denied} A process has requested access to an object, but has not been granted those access rights. (0xc0000022)
[0301/151116.334:ERROR:process_reader_win.cc(123)] NtOpenThread: {Access Denied} A process has requested access to an object, but has not been granted those access rights. (0xc0000022)
[0301/151116.334:ERROR:process_reader_win.cc(123)] NtOpenThread: {Access Denied} A process has requested access to an object, but has not been granted those access rights. (0xc0000022)
[0301/151116.373:ERROR:exception_snapshot_win.cc(98)] thread ID 6656 not found in process
[0301/151116.373:ERROR:exception_snapshot_win.cc(98)] thread ID 9916 not found in process
[0301/151116.373:ERROR:exception_snapshot_win.cc(98)] thread ID 12192 not found in process
[0301/151116.373:ERROR:exception_snapshot_win.cc(98)] thread ID 12644 not found in process
[0301/151116.373:ERROR:exception_snapshot_win.cc(98)] thread ID 1236 not found in process
[0301/151116.373:ERROR:exception_snapshot_win.cc(98)] thread ID 11548 not found in process
[0625/161114.517:ERROR:process_memory_win.cc(73)] ReadMemory at 0x7ff615ab0000 of 64 bytes failed: Only part of a ReadProcessMemory or WriteProcessMemory request was completed. (0x12B)
[0625/161117.221:WARNING:pe_image_reader.cc(340)] could not read dos header from C:\Program Files (x86)\BraveSoftware\Brave-Browser\Application\brave.exe
[0625/161117.221:ERROR:process_memory_win.cc(73)] ReadMemory at 0x7ffc0e740000 of 64 bytes failed: Only part of a ReadProcessMemory or WriteProcessMemory request was completed. (0x12B)
[0625/161117.221:WARNING:pe_image_reader.cc(340)] could not read dos header from C:\WINDOWS\SYSTEM32\ntdll.dll
[0625/161117.221:ERROR:process_memory_win.cc(73)] ReadMemory at 0x7ffc0e1c0000 of 64 bytes failed: Only part of a ReadProcessMemory or WriteProcessMemory request was completed. (0x12B)
[0625/161117.221:WARNING:pe_image_reader.cc(340)] could not read dos header from C:\WINDOWS\System32\KERNEL32.DLL
[0625/161117.222:ERROR:process_memory_win.cc(73)] ReadMemory at 0x7ffc0b8f0000 of 64 bytes failed: Only part of a ReadProcessMemory or WriteProcessMemory request was completed. (0x12B)
[0625/161117.222:WARNING:pe_image_reader.cc(340)] could not read dos header from C:\WINDOWS\System32\KERNELBASE.dll
[0625/161117.222:ERROR:process_memory_win.cc(73)] ReadMemory at 0x7ffbee620000 of 64 bytes failed: Only part of a ReadProcessMemory or WriteProcessMemory request was completed. (0x12B)
[0625/161117.222:WARNING:pe_image_reader.cc(340)] could not read dos header from C:\Program Files (x86)\BraveSoftware\Brave-Browser\Application\83.1.10.97\chrome_elf.dll
[0625/161117.222:ERROR:process_memory_win.cc(73)] ReadMemory at 0x7ffc03bc0000 of 64 bytes failed: Only part of a ReadProcessMemory or WriteProcessMemory request was completed. (0x12B)
[0625/161117.222:WARNING:pe_image_reader.cc(340)] could not read dos header from C:\WINDOWS\SYSTEM32\VERSION.dll
[0625/161117.222:ERROR:process_memory_win.cc(73)] ReadMemory at 0x7ffc0d430000 of 64 bytes failed: Only part of a ReadProcessMemory or WriteProcessMemory request was completed. (0x12B)
[0625/161117.255:WARNING:pe_image_reader.cc(340)] could not read dos header from C:\WINDOWS\System32\msvcrt.dll
[0625/161117.256:ERROR:process_memory_win.cc(73)] ReadMemory at 0x7ffc0c6f0000 of 64 bytes failed: Only part of a ReadProcessMemory or WriteProcessMemory request was completed. (0x12B)
[0625/161117.256:WARNING:pe_image_reader.cc(340)] could not read dos header from C:\WINDOWS\System32\bcryptPrimitives.dll
[0625/161117.256:ERROR:process_memory_win.cc(73)] ReadMemory at 0x7ffc0e2f0000 of 64 bytes failed: Only part of a ReadProcessMemory or WriteProcessMemory request was completed. (0x12B)
[0625/161117.256:WARNING:pe_image_reader.cc(340)] could not read dos header from C:\WINDOWS\System32\ADVAPI32.dll
[0625/161117.256:ERROR:process_memory_win.cc(73)] ReadMemory at 0x7ffc0e3a0000 of 64 bytes failed: Only part of a ReadProcessMemory or WriteProcessMemory request was completed. (0x12B)
[0625/161117.256:WARNING:pe_image_reader.cc(340)] could not read dos header from C:\WINDOWS\System32\sechost.dll
[0625/161117.256:ERROR:process_memory_win.cc(73)] ReadMemory at 0x7ffc0d310000 of 64 bytes failed: Only part of a ReadProcessMemory or WriteProcessMemory request was completed. (0x12B)
[0625/161117.256:WARNING:pe_image_reader.cc(340)] could not read dos header from C:\WINDOWS\System32\RPCRT4.dll
[0625/161117.256:ERROR:process_memory_win.cc(73)] ReadMemory at 0x7ffbbc5d0000 of 64 bytes failed: Only part of a ReadProcessMemory or WriteProcessMemory request was completed. (0x12B)
[0625/161117.256:WARNING:pe_image_reader.cc(340)] could not read dos header from C:\Program Files (x86)\BraveSoftware\Brave-Browser\Application\83.1.10.97\chrome.dll
[0625/161117.256:ERROR:process_memory_win.cc(73)] ReadMemory at 0x25501ea0000 of 64 bytes failed: Only part of a ReadProcessMemory or WriteProcessMemory request was completed. (0x12B)
[0625/161117.256:WARNING:pe_image_reader.cc(340)] could not read dos header from C:\WINDOWS\System32\WS2_32.dll
[0625/161117.256:ERROR:process_memory_win.cc(73)] ReadMemory at 0x7ffc0e070000 of 64 bytes failed: Only part of a ReadProcessMemory or WriteProcessMemory request was completed. (0x12B)
[0625/161117.256:WARNING:pe_image_reader.cc(340)] could not read dos header from C:\WINDOWS\System32\OLEAUT32.dll
[0625/161117.257:ERROR:process_memory_win.cc(73)] ReadMemory at 0x7ffc0b6f0000 of 64 bytes failed: Only part of a ReadProcessMemory or WriteProcessMemory request was completed. (0x12B)
[0625/161117.257:WARNING:pe_image_reader.cc(340)] could not read dos header from C:\WINDOWS\System32\msvcp_win.dll
[0625/161117.257:ERROR:process_memory_win.cc(73)] ReadMemory at 0x7ffc0b790000 of 64 bytes failed: Only part of a ReadProcessMemory or WriteProcessMemory request was completed. (0x12B)
[0625/161117.257:WARNING:pe_image_reader.cc(340)] could not read dos header from C:\WINDOWS\System32\ucrtbase.dll
[0625/161117.257:ERROR:process_memory_win.cc(73)] ReadMemory at 0x7ffc0c920000 of 64 bytes failed: Only part of a ReadProcessMemory or WriteProcessMemory request was completed. (0x12B)
[0625/161117.257:WARNING:pe_image_reader.cc(340)] could not read dos header from C:\WINDOWS\System32\combase.dll
[0625/161117.257:ERROR:process_memory_win.cc(73)] ReadMemory at 0x7ffc0b890000 of 64 bytes failed: Only part of a ReadProcessMemory or WriteProcessMemory request was completed. (0x12B)
[0625/161117.257:WARNING:pe_image_reader.cc(340)] could not read dos header from C:\WINDOWS\System32\WINTRUST.dll
[0625/161117.257:ERROR:process_memory_win.cc(73)] ReadMemory at 0x7ffc0b660000 of 64 bytes failed: Only part of a ReadProcessMemory or WriteProcessMemory request was completed. (0x12B)
[0625/161117.257:WARNING:pe_image_reader.cc(340)] could not read dos header from C:\WINDOWS\System32\MSASN1.dll
[0625/161117.257:ERROR:process_memory_win.cc(73)] ReadMemory at 0x7ffc0c400000 of 64 bytes failed: Only part of a ReadProcessMemory or WriteProcessMemory request was completed. (0x12B)
[0625/161117.257:WARNING:pe_image_reader.cc(340)] could not read dos header from C:\WINDOWS\System32\CRYPT32.dll
[0625/161117.257:ERROR:process_memory_win.cc(73)] ReadMemory at 0x7ffc0ab20000 of 64 bytes failed: Only part of a ReadProcessMemory or WriteProcessMemory request was completed. (0x12B)
[0625/161117.257:WARNING:pe_image_reader.cc(340)] could not read dos header from C:\WINDOWS\SYSTEM32\IPHLPAPI.DLL
[0625/161117.258:ERROR:process_memory_win.cc(73)] ReadMemory at 0x7ffc08d80000 of 64 bytes failed: Only part of a ReadProcessMemory or WriteProcessMemory request was completed. (0x12B)
[0625/161117.258:WARNING:pe_image_reader.cc(340)] could not read dos header from C:\WINDOWS\SYSTEM32\WINMM.dll
[0625/161117.258:ERROR:process_memory_win.cc(73)] ReadMemory at 0x7ffbfebc0000 of 64 bytes failed: Only part of a ReadProcessMemory or WriteProcessMemory request was completed. (0x12B)
[0625/161117.258:WARNING:pe_image_reader.cc(340)] could not read dos header from C:\WINDOWS\SYSTEM32\Secur32.dll
[0625/161117.258:ERROR:process_memory_win.cc(73)] ReadMemory at 0x7ffc0b4f0000 of 64 bytes failed: Only part of a ReadProcessMemory or WriteProcessMemory request was completed. (0x12B)
[0625/161117.258:WARNING:pe_image_reader.cc(340)] could not read dos header from C:\WINDOWS\SYSTEM32\USERENV.dll
[0625/161117.258:ERROR:process_memory_win.cc(73)] ReadMemory at 0x7ffc0b630000 of 64 bytes failed: Only part of a ReadProcessMemory or WriteProcessMemory request was completed. (0x12B)
[0625/161117.258:WARNING:pe_image_reader.cc(340)] could not read dos header from C:\WINDOWS\System32\profapi.dll
[0625/161117.258:ERROR:process_memory_win.cc(73)] ReadMemory at 0x7ffbebb70000 of 64 bytes failed: Only part of a ReadProcessMemory or WriteProcessMemory request was completed. (0x12B)
[0625/161117.258:WARNING:pe_image_reader.cc(340)] could not read dos header from C:\WINDOWS\SYSTEM32\UIAutomationCore.DLL
[0625/161117.258:ERROR:process_memory_win.cc(73)] ReadMemory at 0x7ffbfad70000 of 64 bytes failed: Only part of a ReadProcessMemory or WriteProcessMemory request was completed. (0x12B)
[0625/161117.258:WARNING:pe_image_reader.cc(340)] could not read dos header from C:\WINDOWS\SYSTEM32\DWrite.dll
[0625/161117.258:ERROR:process_memory_win.cc(73)] ReadMemory at 0x7ffc03c20000 of 64 bytes failed: Only part of a ReadProcessMemory or WriteProcessMemory request was completed. (0x12B)
[0625/161117.258:WARNING:pe_image_reader.cc(340)] could not read dos header from C:\WINDOWS\SYSTEM32\WINSPOOL.DRV
[0625/161117.259:ERROR:process_memory_win.cc(73)] ReadMemory at 0x7ffc0b610000 of 64 bytes failed: Only part of a ReadProcessMemory or WriteProcessMemory request was completed. (0x12B)
[0625/161117.259:WARNING:pe_image_reader.cc(340)] could not read dos header from C:\WINDOWS\System32\kernel.appcore.dll
[0625/161117.259:ERROR:process_memory_win.cc(73)] ReadMemory at 0x7ffc0c3d0000 of 64 bytes failed: Only part of a ReadProcessMemory or WriteProcessMemory request was completed. (0x12B)
[0625/161117.259:WARNING:pe_image_reader.cc(340)] could not read dos header from C:\WINDOWS\System32\bcrypt.dll
[0625/161117.259:ERROR:process_memory_win.cc(73)] ReadMemory at 0x7ffc0a000000 of 64 bytes failed: Only part of a ReadProcessMemory or WriteProcessMemory request was completed. (0x12B)
[0625/161117.259:WARNING:pe_image_reader.cc(340)] could not read dos header from C:\WINDOWS\SYSTEM32\dbghelp.dll
[0625/161117.259:ERROR:process_memory_win.cc(73)] ReadMemory at 0x7ffc051a0000 of 64 bytes failed: Only part of a ReadProcessMemory or WriteProcessMemory request was completed. (0x12B)
[0625/161117.259:WARNING:pe_image_reader.cc(340)] could not read dos header from C:\WINDOWS\SYSTEM32\WINHTTP.dll
[0625/161117.259:ERROR:process_memory_win.cc(73)] ReadMemory at 0x7ffc050b0000 of 64 bytes failed: Only part of a ReadProcessMemory or WriteProcessMemory request was completed. (0x12B)
[0625/161117.259:WARNING:pe_image_reader.cc(340)] could not read dos header from C:\WINDOWS\SYSTEM32\dhcpcsvc.DLL
[0625/161117.259:ERROR:process_memory_win.cc(73)] ReadMemory at 0x7ffc0ce10000 of 64 bytes failed: Only part of a ReadProcessMemory or WriteProcessMemory request was completed. (0x12B)
[0625/161117.259:WARNING:pe_image_reader.cc(340)] could not read dos header from C:\WINDOWS\System32\NSI.dll
[0625/161117.259:ERROR:process_memory_win.cc(73)] ReadMemory at 0x7ffc08d50000 of 64 bytes failed: Only part of a ReadProcessMemory or WriteProcessMemory request was completed. (0x12B)
[0625/161117.259:WARNING:pe_image_reader.cc(340)] could not read dos header from C:\WINDOWS\SYSTEM32\WINMMBASE.dll
[0625/161117.260:ERROR:process_memory_win.cc(73)] ReadMemory at 0x7ffc0c7a0000 of 64 bytes failed: Only part of a ReadProcessMemory or WriteProcessMemory request was completed. (0x12B)
[0625/161117.260:WARNING:pe_image_reader.cc(340)] could not read dos header from C:\WINDOWS\System32\cfgmgr32.dll
[0625/161117.260:ERROR:process_memory_win.cc(73)] ReadMemory at 0x7ffc09d00000 of 64 bytes failed: Only part of a ReadProcessMemory or WriteProcessMemory request was completed. (0x12B)
[0625/161117.260:WARNING:pe_image_reader.cc(340)] could not read dos header from C:\WINDOWS\SYSTEM32\PROPSYS.dll
[0625/161117.260:ERROR:process_memory_win.cc(73)] ReadMemory at 0x7ffc0e440000 of 64 bytes failed: Only part of a ReadProcessMemory or WriteProcessMemory request was completed. (0x12B)
[0625/161117.260:WARNING:pe_image_reader.cc(340)] could not read dos header from C:\WINDOWS\System32\shcore.dll
[0625/161117.260:ERROR:process_memory_win.cc(73)] ReadMemory at 0x7ffc0b520000 of 64 bytes failed: Only part of a ReadProcessMemory or WriteProcessMemory request was completed. (0x12B)
[0625/161117.260:WARNING:pe_image_reader.cc(340)] could not read dos header from C:\WINDOWS\SYSTEM32\SSPICLI.DLL
[0625/161117.260:ERROR:process_memory_win.cc(73)] ReadMemory at 0x7ffc0b040000 of 64 bytes failed: Only part of a ReadProcessMemory or WriteProcessMemory request was completed. (0x12B)
[0625/161117.260:WARNING:pe_image_reader.cc(340)] could not read dos header from C:\WINDOWS\SYSTEM32\CRYPTBASE.DLL
[0625/161117.331:ERROR:process_memory_win.cc(73)] ReadMemory at 0x7ff615ab0000 of 64 bytes failed: Only part of a ReadProcessMemory or WriteProcessMemory request was completed. (0x12B)
[0625/161117.332:WARNING:pe_image_reader.cc(340)] could not read dos header from C:\Program Files (x86)\BraveSoftware\Brave-Browser\Application\brave.exe
[0625/161117.332:ERROR:process_memory_win.cc(73)] ReadMemory at 0x7ffc0e740000 of 64 bytes failed: Only part of a ReadProcessMemory or WriteProcessMemory request was completed. (0x12B)
[0625/161117.332:WARNING:pe_image_reader.cc(340)] could not read dos header from C:\WINDOWS\SYSTEM32\ntdll.dll
[0625/161117.332:ERROR:process_memory_win.cc(73)] ReadMemory at 0x7ffc0e1c0000 of 64 bytes failed: Only part of a ReadProcessMemory or WriteProcessMemory request was completed. (0x12B)
[0625/161117.332:WARNING:pe_image_reader.cc(340)] could not read dos header from C:\WINDOWS\System32\KERNEL32.DLL
[0625/161117.332:ERROR:process_memory_win.cc(73)] ReadMemory at 0x7ffc0b8f0000 of 64 bytes failed: Only part of a ReadProcessMemory or WriteProcessMemory request was completed. (0x12B)
[0625/161117.332:WARNING:pe_image_reader.cc(340)] could not read dos header from C:\WINDOWS\System32\KERNELBASE.dll
[0625/161117.332:ERROR:process_memory_win.cc(73)] ReadMemory at 0x7ffbee620000 of 64 bytes failed: Only part of a ReadProcessMemory or WriteProcessMemory request was completed. (0x12B)
[0625/161117.332:WARNING:pe_image_reader.cc(340)] could not read dos header from C:\Program Files (x86)\BraveSoftware\Brave-Browser\Application\83.1.10.97\chrome_elf.dll
[0625/161117.332:ERROR:process_memory_win.cc(73)] ReadMemory at 0x7ffc03bc0000 of 64 bytes failed: Only part of a ReadProcessMemory or WriteProcessMemory request was completed. (0x12B)
[0625/161117.332:WARNING:pe_image_reader.cc(340)] could not read dos header from C:\WINDOWS\SYSTEM32\VERSION.dll
[0625/161117.332:ERROR:process_memory_win.cc(73)] ReadMemory at 0x7ffc0d430000 of 64 bytes failed: Only part of a ReadProcessMemory or WriteProcessMemory request was completed. (0x12B)
[0625/161117.332:WARNING:pe_image_reader.cc(340)] could not read dos header from C:\WINDOWS\System32\msvcrt.dll
[0625/161117.333:ERROR:process_memory_win.cc(73)] ReadMemory at 0x7ffc0c6f0000 of 64 bytes failed: Only part of a ReadProcessMemory or WriteProcessMemory request was completed. (0x12B)
[0625/161117.333:WARNING:pe_image_reader.cc(340)] could not read dos header from C:\WINDOWS\System32\bcryptPrimitives.dll
[0625/161117.333:ERROR:process_memory_win.cc(73)] ReadMemory at 0x7ffc0e2f0000 of 64 bytes failed: Only part of a ReadProcessMemory or WriteProcessMemory request was completed. (0x12B)
[0625/161117.333:WARNING:pe_image_reader.cc(340)] could not read dos header from C:\WINDOWS\System32\ADVAPI32.dll
[0625/161117.333:ERROR:process_memory_win.cc(73)] ReadMemory at 0x7ffc0e3a0000 of 64 bytes failed: Only part of a ReadProcessMemory or WriteProcessMemory request was completed. (0x12B)
[0625/161117.333:WARNING:pe_image_reader.cc(340)] could not read dos header from C:\WINDOWS\System32\sechost.dll
[0625/161117.333:ERROR:process_memory_win.cc(73)] ReadMemory at 0x7ffc0d310000 of 64 bytes failed: Only part of a ReadProcessMemory or WriteProcessMemory request was completed. (0x12B)
[0625/161117.333:WARNING:pe_image_reader.cc(340)] could not read dos header from C:\WINDOWS\System32\RPCRT4.dll
[0625/161117.333:ERROR:process_memory_win.cc(73)] ReadMemory at 0x7ffbbc5d0000 of 64 bytes failed: Only part of a ReadProcessMemory or WriteProcessMemory request was completed. (0x12B)
[0625/161117.333:WARNING:pe_image_reader.cc(340)] could not read dos header from C:\Program Files (x86)\BraveSoftware\Brave-Browser\Application\83.1.10.97\chrome.dll
[0625/161117.333:ERROR:process_memory_win.cc(73)] ReadMemory at 0x25501ea0000 of 64 bytes failed: Only part of a ReadProcessMemory or WriteProcessMemory request was completed. (0x12B)
[0625/161117.333:WARNING:pe_image_reader.cc(340)] could not read dos header from C:\WINDOWS\System32\WS2_32.dll
[0625/161117.333:ERROR:process_memory_win.cc(73)] ReadMemory at 0x7ffc0e070000 of 64 bytes failed: Only part of a ReadProcessMemory or WriteProcessMemory request was completed. (0x12B)
[0625/161117.334:WARNING:pe_image_reader.cc(340)] could not read dos header from C:\WINDOWS\System32\OLEAUT32.dll
[0625/161117.334:ERROR:process_memory_win.cc(73)] ReadMemory at 0x7ffc0b6f0000 of 64 bytes failed: Only part of a ReadProcessMemory or WriteProcessMemory request was completed. (0x12B)
[0625/161117.334:WARNING:pe_image_reader.cc(340)] could not read dos header from C:\WINDOWS\System32\msvcp_win.dll
[0625/161117.334:ERROR:process_memory_win.cc(73)] ReadMemory at 0x7ffc0b790000 of 64 bytes failed: Only part of a ReadProcessMemory or WriteProcessMemory request was completed. (0x12B)
[0625/161117.334:WARNING:pe_image_reader.cc(340)] could not read dos header from C:\WINDOWS\System32\ucrtbase.dll
[0625/161117.334:ERROR:process_memory_win.cc(73)] ReadMemory at 0x7ffc0c920000 of 64 bytes failed: Only part of a ReadProcessMemory or WriteProcessMemory request was completed. (0x12B)
[0625/161117.334:WARNING:pe_image_reader.cc(340)] could not read dos header from C:\WINDOWS\System32\combase.dll
[0625/161117.334:ERROR:process_memory_win.cc(73)] ReadMemory at 0x7ffc0b890000 of 64 bytes failed: Only part of a ReadProcessMemory or WriteProcessMemory request was completed. (0x12B)
[0625/161117.334:WARNING:pe_image_reader.cc(340)] could not read dos header from C:\WINDOWS\System32\WINTRUST.dll
[0625/161117.334:ERROR:process_memory_win.cc(73)] ReadMemory at 0x7ffc0b660000 of 64 bytes failed: Only part of a ReadProcessMemory or WriteProcessMemory request was completed. (0x12B)
[0625/161117.334:WARNING:pe_image_reader.cc(340)] could not read dos header from C:\WINDOWS\System32\MSASN1.dll
[0625/161117.334:ERROR:process_memory_win.cc(73)] ReadMemory at 0x7ffc0c400000 of 64 bytes failed: Only part of a ReadProcessMemory or WriteProcessMemory request was completed. (0x12B)
[0625/161117.334:WARNING:pe_image_reader.cc(340)] could not read dos header from C:\WINDOWS\System32\CRYPT32.dll
[0625/161117.334:ERROR:process_memory_win.cc(73)] ReadMemory at 0x7ffc0ab20000 of 64 bytes failed: Only part of a ReadProcessMemory or WriteProcessMemory request was completed. (0x12B)
[0625/161117.334:WARNING:pe_image_reader.cc(340)] could not read dos header from C:\WINDOWS\SYSTEM32\IPHLPAPI.DLL
[0625/161117.335:ERROR:process_memory_win.cc(73)] ReadMemory at 0x7ffc08d80000 of 64 bytes failed: Only part of a ReadProcessMemory or WriteProcessMemory request was completed. (0x12B)
[0625/161117.335:WARNING:pe_image_reader.cc(340)] could not read dos header from C:\WINDOWS\SYSTEM32\WINMM.dll
[0625/161117.335:ERROR:process_memory_win.cc(73)] ReadMemory at 0x7ffbfebc0000 of 64 bytes failed: Only part of a ReadProcessMemory or WriteProcessMemory request was completed. (0x12B)
[0625/161117.335:WARNING:pe_image_reader.cc(340)] could not read dos header from C:\WINDOWS\SYSTEM32\Secur32.dll
[0625/161117.335:ERROR:process_memory_win.cc(73)] ReadMemory at 0x7ffc0b4f0000 of 64 bytes failed: Only part of a ReadProcessMemory or WriteProcessMemory request was completed. (0x12B)
[0625/161117.335:WARNING:pe_image_reader.cc(340)] could not read dos header from C:\WINDOWS\SYSTEM32\USERENV.dll
[0625/161117.335:ERROR:process_memory_win.cc(73)] ReadMemory at 0x7ffc0b630000 of 64 bytes failed: Only part of a ReadProcessMemory or WriteProcessMemory request was completed. (0x12B)
[0625/161117.335:WARNING:pe_image_reader.cc(340)] could not read dos header from C:\WINDOWS\System32\profapi.dll
[0625/161117.335:ERROR:process_memory_win.cc(73)] ReadMemory at 0x7ffbebb70000 of 64 bytes failed: Only part of a ReadProcessMemory or WriteProcessMemory request was completed. (0x12B)
[0625/161117.335:WARNING:pe_image_reader.cc(340)] could not read dos header from C:\WINDOWS\SYSTEM32\UIAutomationCore.DLL
[0625/161117.335:ERROR:process_memory_win.cc(73)] ReadMemory at 0x7ffbfad70000 of 64 bytes failed: Only part of a ReadProcessMemory or WriteProcessMemory request was completed. (0x12B)
[0625/161117.335:WARNING:pe_image_reader.cc(340)] could not read dos header from C:\WINDOWS\SYSTEM32\DWrite.dll
[0625/161117.335:ERROR:process_memory_win.cc(73)] ReadMemory at 0x7ffc03c20000 of 64 bytes failed: Only part of a ReadProcessMemory or WriteProcessMemory request was completed. (0x12B)
[0625/161117.335:WARNING:pe_image_reader.cc(340)] could not read dos header from C:\WINDOWS\SYSTEM32\WINSPOOL.DRV
[0625/161117.336:ERROR:process_memory_win.cc(73)] ReadMemory at 0x7ffc0b610000 of 64 bytes failed: Only part of a ReadProcessMemory or WriteProcessMemory request was completed. (0x12B)
[0625/161117.336:WARNING:pe_image_reader.cc(340)] could not read dos header from C:\WINDOWS\System32\kernel.appcore.dll
[0625/161117.336:ERROR:process_memory_win.cc(73)] ReadMemory at 0x7ffc0c3d0000 of 64 bytes failed: Only part of a ReadProcessMemory or WriteProcessMemory request was completed. (0x12B)
[0625/161117.336:WARNING:pe_image_reader.cc(340)] could not read dos header from C:\WINDOWS\System32\bcrypt.dll
[0625/161117.336:ERROR:process_memory_win.cc(73)] ReadMemory at 0x7ffc0a000000 of 64 bytes failed: Only part of a ReadProcessMemory or WriteProcessMemory request was completed. (0x12B)
[0625/161117.336:WARNING:pe_image_reader.cc(340)] could not read dos header from C:\WINDOWS\SYSTEM32\dbghelp.dll
[0625/161117.336:ERROR:process_memory_win.cc(73)] ReadMemory at 0x7ffc051a0000 of 64 bytes failed: Only part of a ReadProcessMemory or WriteProcessMemory request was completed. (0x12B)
[0625/161117.336:WARNING:pe_image_reader.cc(340)] could not read dos header from C:\WINDOWS\SYSTEM32\WINHTTP.dll
[0625/161117.336:ERROR:process_memory_win.cc(73)] ReadMemory at 0x7ffc050b0000 of 64 bytes failed: Only part of a ReadProcessMemory or WriteProcessMemory request was completed. (0x12B)
[0625/161117.336:WARNING:pe_image_reader.cc(340)] could not read dos header from C:\WINDOWS\SYSTEM32\dhcpcsvc.DLL
[0625/161117.336:ERROR:process_memory_win.cc(73)] ReadMemory at 0x7ffc0ce10000 of 64 bytes failed: Only part of a ReadProcessMemory or WriteProcessMemory request was completed. (0x12B)
[0625/161117.336:WARNING:pe_image_reader.cc(340)] could not read dos header from C:\WINDOWS\System32\NSI.dll
[0625/161117.336:ERROR:process_memory_win.cc(73)] ReadMemory at 0x7ffc08d50000 of 64 bytes failed: Only part of a ReadProcessMemory or WriteProcessMemory request was completed. (0x12B)
[0625/161117.336:WARNING:pe_image_reader.cc(340)] could not read dos header from C:\WINDOWS\SYSTEM32\WINMMBASE.dll
[0625/161117.336:ERROR:process_memory_win.cc(73)] ReadMemory at 0x7ffc0c7a0000 of 64 bytes failed: Only part of a ReadProcessMemory or WriteProcessMemory request was completed. (0x12B)
[0625/161117.337:WARNING:pe_image_reader.cc(340)] could not read dos header from C:\WINDOWS\System32\cfgmgr32.dll
[0625/161117.337:ERROR:process_memory_win.cc(73)] ReadMemory at 0x7ffc09d00000 of 64 bytes failed: Only part of a ReadProcessMemory or WriteProcessMemory request was completed. (0x12B)
[0625/161117.337:WARNING:pe_image_reader.cc(340)] could not read dos header from C:\WINDOWS\SYSTEM32\PROPSYS.dll
[0625/161117.337:ERROR:process_memory_win.cc(73)] ReadMemory at 0x7ffc0e440000 of 64 bytes failed: Only part of a ReadProcessMemory or WriteProcessMemory request was completed. (0x12B)
[0625/161117.337:WARNING:pe_image_reader.cc(340)] could not read dos header from C:\WINDOWS\System32\shcore.dll
[0625/161117.337:ERROR:process_memory_win.cc(73)] ReadMemory at 0x7ffc0b520000 of 64 bytes failed: Only part of a ReadProcessMemory or WriteProcessMemory request was completed. (0x12B)
[0625/161117.337:WARNING:pe_image_reader.cc(340)] could not read dos header from C:\WINDOWS\SYSTEM32\SSPICLI.DLL
[0625/161117.337:ERROR:process_memory_win.cc(73)] ReadMemory at 0x7ffc0b040000 of 64 bytes failed: Only part of a ReadProcessMemory or WriteProcessMemory request was completed. (0x12B)
[0625/161117.337:WARNING:pe_image_reader.cc(340)] could not read dos header from C:\WINDOWS\SYSTEM32\CRYPTBASE.DLL
[0625/161117.337:ERROR:process_memory_win.cc(73)] ReadMemory at 0x7ff615ab0000 of 64 bytes failed: Only part of a ReadProcessMemory or WriteProcessMemory request was completed. (0x12B)
[0625/161117.337:WARNING:pe_image_reader.cc(340)] could not read dos header from C:\Program Files (x86)\BraveSoftware\Brave-Browser\Application\brave.exe
[0625/161117.337:ERROR:process_memory_win.cc(73)] ReadMemory at 0x7ffc0e740000 of 64 bytes failed: Only part of a ReadProcessMemory or WriteProcessMemory request was completed. (0x12B)
[0625/161117.337:WARNING:pe_image_reader.cc(340)] could not read dos header from C:\WINDOWS\SYSTEM32\ntdll.dll
[0625/161117.337:ERROR:process_memory_win.cc(73)] ReadMemory at 0x7ffc0e1c0000 of 64 bytes failed: Only part of a ReadProcessMemory or WriteProcessMemory request was completed. (0x12B)
[0625/161117.337:WARNING:pe_image_reader.cc(340)] could not read dos header from C:\WINDOWS\System32\KERNEL32.DLL
[0625/161117.338:ERROR:process_memory_win.cc(73)] ReadMemory at 0x7ffc0b8f0000 of 64 bytes failed: Only part of a ReadProcessMemory or WriteProcessMemory request was completed. (0x12B)
[0625/161117.338:WARNING:pe_image_reader.cc(340)] could not read dos header from C:\WINDOWS\System32\KERNELBASE.dll
[0625/161117.338:ERROR:process_memory_win.cc(73)] ReadMemory at 0x7ffbee620000 of 64 bytes failed: Only part of a ReadProcessMemory or WriteProcessMemory request was completed. (0x12B)
[0625/161117.338:WARNING:pe_image_reader.cc(340)] could not read dos header from C:\Program Files (x86)\BraveSoftware\Brave-Browser\Application\83.1.10.97\chrome_elf.dll
[0625/161117.338:ERROR:process_memory_win.cc(73)] ReadMemory at 0x7ffc03bc0000 of 64 bytes failed: Only part of a ReadProcessMemory or WriteProcessMemory request was completed. (0x12B)
[0625/161117.338:WARNING:pe_image_reader.cc(340)] could not read dos header from C:\WINDOWS\SYSTEM32\VERSION.dll
[0625/161117.338:ERROR:process_memory_win.cc(73)] ReadMemory at 0x7ffc0d430000 of 64 bytes failed: Only part of a ReadProcessMemory or WriteProcessMemory request was completed. (0x12B)
[0625/161117.338:WARNING:pe_image_reader.cc(340)] could not read dos header from C:\WINDOWS\System32\msvcrt.dll
[0625/161117.338:ERROR:process_memory_win.cc(73)] ReadMemory at 0x7ffc0c6f0000 of 64 bytes failed: Only part of a ReadProcessMemory or WriteProcessMemory request was completed. (0x12B)
[0625/161117.338:WARNING:pe_image_reader.cc(340)] could not read dos header from C:\WINDOWS\System32\bcryptPrimitives.dll
[0625/161117.338:ERROR:process_memory_win.cc(73)] ReadMemory at 0x7ffc0e2f0000 of 64 bytes failed: Only part of a ReadProcessMemory or WriteProcessMemory request was completed. (0x12B)
[0625/161117.338:WARNING:pe_image_reader.cc(340)] could not read dos header from C:\WINDOWS\System32\ADVAPI32.dll
[0625/161117.338:ERROR:process_memory_win.cc(73)] ReadMemory at 0x7ffc0e3a0000 of 64 bytes failed: Only part of a ReadProcessMemory or WriteProcessMemory request was completed. (0x12B)
[0625/161117.338:WARNING:pe_image_reader.cc(340)] could not read dos header from C:\WINDOWS\System32\sechost.dll
[0625/161117.338:ERROR:process_memory_win.cc(73)] ReadMemory at 0x7ffc0d310000 of 64 bytes failed: Only part of a ReadProcessMemory or WriteProcessMemory request was completed. (0x12B)
[0625/161117.339:WARNING:pe_image_reader.cc(340)] could not read dos header from C:\WINDOWS\System32\RPCRT4.dll
[0625/161117.339:ERROR:process_memory_win.cc(73)] ReadMemory at 0x7ffbbc5d0000 of 64 bytes failed: Only part of a ReadProcessMemory or WriteProcessMemory request was completed. (0x12B)
[0625/161117.339:WARNING:pe_image_reader.cc(340)] could not read dos header from C:\Program Files (x86)\BraveSoftware\Brave-Browser\Application\83.1.10.97\chrome.dll
[0625/161117.339:ERROR:process_memory_win.cc(73)] ReadMemory at 0x25501ea0000 of 64 bytes failed: Only part of a ReadProcessMemory or WriteProcessMemory request was completed. (0x12B)
[0625/161117.339:WARNING:pe_image_reader.cc(340)] could not read dos header from C:\WINDOWS\System32\WS2_32.dll
[0625/161117.339:ERROR:process_memory_win.cc(73)] ReadMemory at 0x7ffc0e070000 of 64 bytes failed: Only part of a ReadProcessMemory or WriteProcessMemory request was completed. (0x12B)
[0625/161117.339:WARNING:pe_image_reader.cc(340)] could not read dos header from C:\WINDOWS\System32\OLEAUT32.dll
[0625/161117.339:ERROR:process_memory_win.cc(73)] ReadMemory at 0x7ffc0b6f0000 of 64 bytes failed: Only part of a ReadProcessMemory or WriteProcessMemory request was completed. (0x12B)
[0625/161117.339:WARNING:pe_image_reader.cc(340)] could not read dos header from C:\WINDOWS\System32\msvcp_win.dll
[0625/161117.339:ERROR:process_memory_win.cc(73)] ReadMemory at 0x7ffc0b790000 of 64 bytes failed: Only part of a ReadProcessMemory or WriteProcessMemory request was completed. (0x12B)
[0625/161117.339:WARNING:pe_image_reader.cc(340)] could not read dos header from C:\WINDOWS\System32\ucrtbase.dll
[0625/161117.339:ERROR:process_memory_win.cc(73)] ReadMemory at 0x7ffc0c920000 of 64 bytes failed: Only part of a ReadProcessMemory or WriteProcessMemory request was completed. (0x12B)
[0625/161117.339:WARNING:pe_image_reader.cc(340)] could not read dos header from C:\WINDOWS\System32\combase.dll
[0625/161117.339:ERROR:process_memory_win.cc(73)] ReadMemory at 0x7ffc0b890000 of 64 bytes failed: Only part of a ReadProcessMemory or WriteProcessMemory request was completed. (0x12B)
[0625/161117.339:WARNING:pe_image_reader.cc(340)] could not read dos header from C:\WINDOWS\System32\WINTRUST.dll
[0625/161117.339:ERROR:process_memory_win.cc(73)] ReadMemory at 0x7ffc0b660000 of 64 bytes failed: Only part of a ReadProcessMemory or WriteProcessMemory request was completed. (0x12B)
[0625/161117.339:WARNING:pe_image_reader.cc(340)] could not read dos header from C:\WINDOWS\System32\MSASN1.dll
[0625/161117.339:ERROR:process_memory_win.cc(73)] ReadMemory at 0x7ffc0c400000 of 64 bytes failed: Only part of a ReadProcessMemory or WriteProcessMemory request was completed. (0x12B)
[0625/161117.339:WARNING:pe_image_reader.cc(340)] could not read dos header from C:\WINDOWS\System32\CRYPT32.dll
[0625/161117.339:ERROR:process_memory_win.cc(73)] ReadMemory at 0x7ffc0ab20000 of 64 bytes failed: Only part of a ReadProcessMemory or WriteProcessMemory request was completed. (0x12B)
[0625/161117.339:WARNING:pe_image_reader.cc(340)] could not read dos header from C:\WINDOWS\SYSTEM32\IPHLPAPI.DLL
[0625/161117.339:ERROR:process_memory_win.cc(73)] ReadMemory at 0x7ffc08d80000 of 64 bytes failed: Only part of a ReadProcessMemory or WriteProcessMemory request was completed. (0x12B)
[0625/161117.339:WARNING:pe_image_reader.cc(340)] could not read dos header from C:\WINDOWS\SYSTEM32\WINMM.dll
[0625/161117.339:ERROR:process_memory_win.cc(73)] ReadMemory at 0x7ffbfebc0000 of 64 bytes failed: Only part of a ReadProcessMemory or WriteProcessMemory request was completed. (0x12B)
[0625/161117.339:WARNING:pe_image_reader.cc(340)] could not read dos header from C:\WINDOWS\SYSTEM32\Secur32.dll
[0625/161117.339:ERROR:process_memory_win.cc(73)] ReadMemory at 0x7ffc0b4f0000 of 64 bytes failed: Only part of a ReadProcessMemory or WriteProcessMemory request was completed. (0x12B)
[0625/161117.339:WARNING:pe_image_reader.cc(340)] could not read dos header from C:\WINDOWS\SYSTEM32\USERENV.dll
[0625/161117.340:ERROR:process_memory_win.cc(73)] ReadMemory at 0x7ffc0b630000 of 64 bytes failed: Only part of a ReadProcessMemory or WriteProcessMemory request was completed. (0x12B)
[0625/161117.340:WARNING:pe_image_reader.cc(340)] could not read dos header from C:\WINDOWS\System32\profapi.dll
[0625/161117.340:ERROR:process_memory_win.cc(73)] ReadMemory at 0x7ffbebb70000 of 64 bytes failed: Only part of a ReadProcessMemory or WriteProcessMemory request was completed. (0x12B)
[0625/161117.340:WARNING:pe_image_reader.cc(340)] could not read dos header from C:\WINDOWS\SYSTEM32\UIAutomationCore.DLL
[0625/161117.340:ERROR:process_memory_win.cc(73)] ReadMemory at 0x7ffbfad70000 of 64 bytes failed: Only part of a ReadProcessMemory or WriteProcessMemory request was completed. (0x12B)
[0625/161117.340:WARNING:pe_image_reader.cc(340)] could not read dos header from C:\WINDOWS\SYSTEM32\DWrite.dll
[0625/161117.340:ERROR:process_memory_win.cc(73)] ReadMemory at 0x7ffc03c20000 of 64 bytes failed: Only part of a ReadProcessMemory or WriteProcessMemory request was completed. (0x12B)
[0625/161117.340:WARNING:pe_image_reader.cc(340)] could not read dos header from C:\WINDOWS\SYSTEM32\WINSPOOL.DRV
[0625/161117.340:ERROR:process_memory_win.cc(73)] ReadMemory at 0x7ffc0b610000 of 64 bytes failed: Only part of a ReadProcessMemory or WriteProcessMemory request was completed. (0x12B)
[0625/161117.340:WARNING:pe_image_reader.cc(340)] could not read dos header from C:\WINDOWS\System32\kernel.appcore.dll
[0625/161117.340:ERROR:process_memory_win.cc(73)] ReadMemory at 0x7ffc0c3d0000 of 64 bytes failed: Only part of a ReadProcessMemory or WriteProcessMemory request was completed. (0x12B)
[0625/161117.340:WARNING:pe_image_reader.cc(340)] could not read dos header from C:\WINDOWS\System32\bcrypt.dll
[0625/161117.340:ERROR:process_memory_win.cc(73)] ReadMemory at 0x7ffc0a000000 of 64 bytes failed: Only part of a ReadProcessMemory or WriteProcessMemory request was completed. (0x12B)
[0625/161117.340:WARNING:pe_image_reader.cc(340)] could not read dos header from C:\WINDOWS\SYSTEM32\dbghelp.dll
[0625/161117.340:ERROR:process_memory_win.cc(73)] ReadMemory at 0x7ffc051a0000 of 64 bytes failed: Only part of a ReadProcessMemory or WriteProcessMemory request was completed. (0x12B)
[0625/161117.341:WARNING:pe_image_reader.cc(340)] could not read dos header from C:\WINDOWS\SYSTEM32\WINHTTP.dll
[0625/161117.341:ERROR:process_memory_win.cc(73)] ReadMemory at 0x7ffc050b0000 of 64 bytes failed: Only part of a ReadProcessMemory or WriteProcessMemory request was completed. (0x12B)
[0625/161117.341:WARNING:pe_image_reader.cc(340)] could not read dos header from C:\WINDOWS\SYSTEM32\dhcpcsvc.DLL
[0625/161117.341:ERROR:process_memory_win.cc(73)] ReadMemory at 0x7ffc0ce10000 of 64 bytes failed: Only part of a ReadProcessMemory or WriteProcessMemory request was completed. (0x12B)
[0625/161117.341:WARNING:pe_image_reader.cc(340)] could not read dos header from C:\WINDOWS\System32\NSI.dll
[0625/161117.341:ERROR:process_memory_win.cc(73)] ReadMemory at 0x7ffc08d50000 of 64 bytes failed: Only part of a ReadProcessMemory or WriteProcessMemory request was completed. (0x12B)
[0625/161117.341:WARNING:pe_image_reader.cc(340)] could not read dos header from C:\WINDOWS\SYSTEM32\WINMMBASE.dll
[0625/161117.341:ERROR:process_memory_win.cc(73)] ReadMemory at 0x7ffc0c7a0000 of 64 bytes failed: Only part of a ReadProcessMemory or WriteProcessMemory request was completed. (0x12B)
[0625/161117.341:WARNING:pe_image_reader.cc(340)] could not read dos header from C:\WINDOWS\System32\cfgmgr32.dll
[0625/161117.341:ERROR:process_memory_win.cc(73)] ReadMemory at 0x7ffc09d00000 of 64 bytes failed: Only part of a ReadProcessMemory or WriteProcessMemory request was completed. (0x12B)
[0625/161117.341:WARNING:pe_image_reader.cc(340)] could not read dos header from C:\WINDOWS\SYSTEM32\PROPSYS.dll
[0625/161117.341:ERROR:process_memory_win.cc(73)] ReadMemory at 0x7ffc0e440000 of 64 bytes failed: Only part of a ReadProcessMemory or WriteProcessMemory request was completed. (0x12B)
[0625/161117.341:WARNING:pe_image_reader.cc(340)] could not read dos header from C:\WINDOWS\System32\shcore.dll
[0625/161117.341:ERROR:process_memory_win.cc(73)] ReadMemory at 0x7ffc0b520000 of 64 bytes failed: Only part of a ReadProcessMemory or WriteProcessMemory request was completed. (0x12B)
[0625/161117.341:WARNING:pe_image_reader.cc(340)] could not read dos header from C:\WINDOWS\SYSTEM32\SSPICLI.DLL
[0625/161117.341:ERROR:process_memory_win.cc(73)] ReadMemory at 0x7ffc0b040000 of 64 bytes failed: Only part of a ReadProcessMemory or WriteProcessMemory request was completed. (0x12B)
[0625/161117.341:WARNING:pe_image_reader.cc(340)] could not read dos header from C:\WINDOWS\SYSTEM32\CRYPTBASE.DLL
[0625/161117.573:ERROR:process_memory_win.cc(73)] ReadMemory at 0x7f7c3ed000 of 77824 bytes failed: Only part of a ReadProcessMemory or WriteProcessMemory request was completed. (0x12B)
[0625/161117.627:ERROR:process_memory_win.cc(73)] ReadMemory at 0x7f7cbfd000 of 12288 bytes failed: Only part of a ReadProcessMemory or WriteProcessMemory request was completed. (0x12B)
[0625/161117.627:ERROR:process_memory_win.cc(73)] ReadMemory at 0x7f7dbfc000 of 16384 bytes failed: Only part of a ReadProcessMemory or WriteProcessMemory request was completed. (0x12B)
[0625/161117.628:ERROR:process_memory_win.cc(73)] ReadMemory at 0x7f7e3fb000 of 20480 bytes failed: Only part of a ReadProcessMemory or WriteProcessMemory request was completed. (0x12B)
[0625/161117.628:ERROR:process_memory_win.cc(73)] ReadMemory at 0x7f7ebfe000 of 8192 bytes failed: Only part of a ReadProcessMemory or WriteProcessMemory request was completed. (0x12B)
[0625/161117.628:ERROR:process_memory_win.cc(73)] ReadMemory at 0x7f7f3fd000 of 12288 bytes failed: Only part of a ReadProcessMemory or WriteProcessMemory request was completed. (0x12B)
[0625/161117.629:ERROR:process_memory_win.cc(73)] ReadMemory at 0x7f7fbfb000 of 20480 bytes failed: Only part of a ReadProcessMemory or WriteProcessMemory request was completed. (0x12B)
[0625/161117.629:ERROR:process_memory_win.cc(73)] ReadMemory at 0x7f00ffd000 of 12288 bytes failed: Only part of a ReadProcessMemory or WriteProcessMemory request was completed. (0x12B)
[0625/161117.629:ERROR:process_memory_win.cc(73)] ReadMemory at 0x7f017f8000 of 32768 bytes failed: Only part of a ReadProcessMemory or WriteProcessMemory request was completed. (0x12B)
[0625/161117.629:ERROR:process_memory_win.cc(73)] ReadMemory at 0x7f01ff8000 of 32768 bytes failed: Only part of a ReadProcessMemory or WriteProcessMemory request was completed. (0x12B)
[0625/161117.630:ERROR:process_memory_win.cc(73)] ReadMemory at 0x7f027f8000 of 32768 bytes failed: Only part of a ReadProcessMemory or WriteProcessMemory request was completed. (0x12B)
[0625/161117.630:ERROR:process_memory_win.cc(73)] ReadMemory at 0x7f02ff6000 of 40960 bytes failed: Only part of a ReadProcessMemory or WriteProcessMemory request was completed. (0x12B)
[0625/161117.630:ERROR:process_memory_win.cc(73)] ReadMemory at 0x7f037fd000 of 12288 bytes failed: Only part of a ReadProcessMemory or WriteProcessMemory request was completed. (0x12B)
[0625/161117.630:ERROR:process_memory_win.cc(73)] ReadMemory at 0x7f007fe000 of 8192 bytes failed: Only part of a ReadProcessMemory or WriteProcessMemory request was completed. (0x12B)
[0625/161117.630:ERROR:process_memory_win.cc(73)] ReadMemory at 0x7f03ffa000 of 24576 bytes failed: Only part of a ReadProcessMemory or WriteProcessMemory request was completed. (0x12B)
[0625/161117.631:ERROR:process_memory_win.cc(73)] ReadMemory at 0x7f077fd000 of 12288 bytes failed: Only part of a ReadProcessMemory or WriteProcessMemory request was completed. (0x12B)
[0625/161117.631:ERROR:process_memory_win.cc(73)] ReadMemory at 0x7f04ff6000 of 40960 bytes failed: Only part of a ReadProcessMemory or WriteProcessMemory request was completed. (0x12B)
[0625/161117.631:ERROR:process_memory_win.cc(73)] ReadMemory at 0x7f057f6000 of 40960 bytes failed: Only part of a ReadProcessMemory or WriteProcessMemory request was completed. (0x12B)
[0625/161117.631:ERROR:process_memory_win.cc(73)] ReadMemory at 0x7f067fa000 of 24576 bytes failed: Only part of a ReadProcessMemory or WriteProcessMemory request was completed. (0x12B)
[0625/161117.632:ERROR:process_memory_win.cc(73)] ReadMemory at 0x7f05ffc000 of 16384 bytes failed: Only part of a ReadProcessMemory or WriteProcessMemory request was completed. (0x12B)
[0625/161117.632:ERROR:process_memory_win.cc(73)] ReadMemory at 0x7f07ffd000 of 12288 bytes failed: Only part of a ReadProcessMemory or WriteProcessMemory request was completed. (0x12B)
[0625/161117.632:ERROR:process_memory_win.cc(73)] ReadMemory at 0x7f087fd000 of 12288 bytes failed: Only part of a ReadProcessMemory or WriteProcessMemory request was completed. (0x12B)
[0625/161117.633:ERROR:process_memory_win.cc(73)] ReadMemory at 0x7f047fe000 of 8192 bytes failed: Only part of a ReadProcessMemory or WriteProcessMemory request was completed. (0x12B)
[0625/161117.633:ERROR:process_memory_win.cc(73)] ReadMemory at 0x7f7bb60000 of 852 bytes failed: Only part of a ReadProcessMemory or WriteProcessMemory request was completed. (0x12B)
[0625/161117.633:ERROR:process_memory_win.cc(73)] ReadMemory at 0x7f7bb61000 of 6024 bytes failed: Only part of a ReadProcessMemory or WriteProcessMemory request was completed. (0x12B)
[0625/161117.633:ERROR:process_memory_win.cc(73)] ReadMemory at 0x7f7bb63000 of 6024 bytes failed: Only part of a ReadProcessMemory or WriteProcessMemory request was completed. (0x12B)
[0625/161117.633:ERROR:process_memory_win.cc(73)] ReadMemory at 0x7f7bb67000 of 6024 bytes failed: Only part of a ReadProcessMemory or WriteProcessMemory request was completed. (0x12B)
[0625/161117.634:ERROR:process_memory_win.cc(73)] ReadMemory at 0x7f7bb69000 of 6024 bytes failed: Only part of a ReadProcessMemory or WriteProcessMemory request was completed. (0x12B)
[0625/161117.634:ERROR:process_memory_win.cc(73)] ReadMemory at 0x7f7bb6b000 of 6024 bytes failed: Only part of a ReadProcessMemory or WriteProcessMemory request was completed. (0x12B)
[0625/161117.634:ERROR:process_memory_win.cc(73)] ReadMemory at 0x7f7bb6d000 of 6024 bytes failed: Only part of a ReadProcessMemory or WriteProcessMemory request was completed. (0x12B)
[0625/161117.634:ERROR:process_memory_win.cc(73)] ReadMemory at 0x7f7bb6f000 of 6024 bytes failed: Only part of a ReadProcessMemory or WriteProcessMemory request was completed. (0x12B)
[0625/161117.634:ERROR:process_memory_win.cc(73)] ReadMemory at 0x7f7bb73000 of 6024 bytes failed: Only part of a ReadProcessMemory or WriteProcessMemory request was completed. (0x12B)
[0625/161117.635:ERROR:process_memory_win.cc(73)] ReadMemory at 0x7f7bb75000 of 6024 bytes failed: Only part of a ReadProcessMemory or WriteProcessMemory request was completed. (0x12B)
[0625/161117.635:ERROR:process_memory_win.cc(73)] ReadMemory at 0x7f7bb77000 of 6024 bytes failed: Only part of a ReadProcessMemory or WriteProcessMemory request was completed. (0x12B)
[0625/161117.635:ERROR:process_memory_win.cc(73)] ReadMemory at 0x7f7bb79000 of 6024 bytes failed: Only part of a ReadProcessMemory or WriteProcessMemory request was completed. (0x12B)
[0625/161117.635:ERROR:process_memory_win.cc(73)] ReadMemory at 0x7f7bb7b000 of 6024 bytes failed: Only part of a ReadProcessMemory or WriteProcessMemory request was completed. (0x12B)
[0625/161117.635:ERROR:process_memory_win.cc(73)] ReadMemory at 0x7f7bb7d000 of 6024 bytes failed: Only part of a ReadProcessMemory or WriteProcessMemory request was completed. (0x12B)
[0625/161117.636:ERROR:process_memory_win.cc(73)] ReadMemory at 0x7f7bb7f000 of 6024 bytes failed: Only part of a ReadProcessMemory or WriteProcessMemory request was completed. (0x12B)
[0625/161117.636:ERROR:process_memory_win.cc(73)] ReadMemory at 0x7f7bb8f000 of 6024 bytes failed: Only part of a ReadProcessMemory or WriteProcessMemory request was completed. (0x12B)
[0625/161117.636:ERROR:process_memory_win.cc(73)] ReadMemory at 0x7f7bb97000 of 6024 bytes failed: Only part of a ReadProcessMemory or WriteProcessMemory request was completed. (0x12B)
[0625/161117.636:ERROR:process_memory_win.cc(73)] ReadMemory at 0x7f7bb9b000 of 6024 bytes failed: Only part of a ReadProcessMemory or WriteProcessMemory request was completed. (0x12B)
[0625/161117.637:ERROR:process_memory_win.cc(73)] ReadMemory at 0x7f7bb9d000 of 6024 bytes failed: Only part of a ReadProcessMemory or WriteProcessMemory request was completed. (0x12B)
[0625/161117.637:ERROR:process_memory_win.cc(73)] ReadMemory at 0x7f7bb9f000 of 6024 bytes failed: Only part of a ReadProcessMemory or WriteProcessMemory request was completed. (0x12B)
[0625/161117.637:ERROR:process_memory_win.cc(73)] ReadMemory at 0x7f7bba1000 of 6024 bytes failed: Only part of a ReadProcessMemory or WriteProcessMemory request was completed. (0x12B)
[0625/161117.637:ERROR:process_memory_win.cc(73)] ReadMemory at 0x7f7bba5000 of 6024 bytes failed: Only part of a ReadProcessMemory or WriteProcessMemory request was completed. (0x12B)
[0625/161117.637:ERROR:process_memory_win.cc(73)] ReadMemory at 0x7f7bba7000 of 6024 bytes failed: Only part of a ReadProcessMemory or WriteProcessMemory request was completed. (0x12B)
[0625/161117.638:ERROR:process_memory_win.cc(73)] ReadMemory at 0x7f7bba9000 of 6024 bytes failed: Only part of a ReadProcessMemory or WriteProcessMemory request was completed. (0x12B)
[0625/161117.638:ERROR:process_memory_win.cc(73)] ReadMemory at 0x25501ce0750 of 80 bytes failed: Only part of a ReadProcessMemory or WriteProcessMemory request was completed. (0x12B)
[0625/161117.735:ERROR:process_memory_win.cc(73)] ReadMemory at 0x25501ce0ad0 of 512 bytes failed: Only part of a ReadProcessMemory or WriteProcessMemory request was completed. (0x12B)
[0625/161117.735:ERROR:process_memory_win.cc(73)] ReadMemory at 0x25501ce3c50 of 1012 bytes failed: Only part of a ReadProcessMemory or WriteProcessMemory request was completed. (0x12B)
[0625/161117.736:ERROR:process_memory_win.cc(73)] ReadMemory at 0x25501ce4298 of 144 bytes failed: Only part of a ReadProcessMemory or WriteProcessMemory request was completed. (0x12B)
[0625/161117.736:ERROR:process_memory_win.cc(73)] ReadMemory at 0x25501ce432a of 1598 bytes failed: Only part of a ReadProcessMemory or WriteProcessMemory request was completed. (0x12B)
[0625/161117.736:ERROR:process_memory_win.cc(73)] ReadMemory at 0x25501ce496a of 144 bytes failed: Only part of a ReadProcessMemory or WriteProcessMemory request was completed. (0x12B)
[0625/161117.737:ERROR:process_memory_win.cc(73)] ReadMemory at 0x25501ce49fc of 102 bytes failed: Only part of a ReadProcessMemory or WriteProcessMemory request was completed. (0x12B)
[0625/161117.737:ERROR:process_memory_win.cc(73)] ReadMemory at 0x25501ce4a70 of 58 bytes failed: Only part of a ReadProcessMemory or WriteProcessMemory request was completed. (0x12B)
[0625/161117.737:ERROR:process_memory_win.cc(73)] ReadMemory at 0x25501ce4b70 of 132 bytes failed: Only part of a ReadProcessMemory or WriteProcessMemory request was completed. (0x12B)
[0625/161117.737:ERROR:process_memory_win.cc(73)] ReadMemory at 0x25501ce4d00 of 132 bytes failed: Only part of a ReadProcessMemory or WriteProcessMemory request was completed. (0x12B)
[0625/161117.737:ERROR:process_memory_win.cc(73)] ReadMemory at 0x25501ce4ec0 of 148 bytes failed: Only part of a ReadProcessMemory or WriteProcessMemory request was completed. (0x12B)
[0625/161117.738:ERROR:process_memory_win.cc(73)] ReadMemory at 0x25501ce52a0 of 132 bytes failed: Only part of a ReadProcessMemory or WriteProcessMemory request was completed. (0x12B)
[0625/161117.738:ERROR:process_memory_win.cc(73)] ReadMemory at 0x25501ce5430 of 64 bytes failed: Only part of a ReadProcessMemory or WriteProcessMemory request was completed. (0x12B)
[0625/161117.738:ERROR:process_memory_win.cc(73)] ReadMemory at 0x25501ce5600 of 132 bytes failed: Only part of a ReadProcessMemory or WriteProcessMemory request was completed. (0x12B)
[0625/161117.738:ERROR:process_memory_win.cc(73)] ReadMemory at 0x25501ce5890 of 132 bytes failed: Only part of a ReadProcessMemory or WriteProcessMemory request was completed. (0x12B)
[0625/161117.739:ERROR:process_memory_win.cc(73)] ReadMemory at 0x25501ce5a20 of 68 bytes failed: Only part of a ReadProcessMemory or WriteProcessMemory request was completed. (0x12B)
[0625/161117.739:ERROR:process_memory_win.cc(73)] ReadMemory at 0x25501ce6c90 of 132 bytes failed: Only part of a ReadProcessMemory or WriteProcessMemory request was completed. (0x12B)
[0625/161117.739:ERROR:process_memory_win.cc(73)] ReadMemory at 0x25501ce6e20 of 176 bytes failed: Only part of a ReadProcessMemory or WriteProcessMemory request was completed. (0x12B)
[0625/161117.739:ERROR:process_memory_win.cc(73)] ReadMemory at 0x25501ce7bf0 of 60 bytes failed: Only part of a ReadProcessMemory or WriteProcessMemory request was completed. (0x12B)
[0625/161117.739:ERROR:process_memory_win.cc(73)] ReadMemory at 0x25501ce8d10 of 62 bytes failed: Only part of a ReadProcessMemory or WriteProcessMemory request was completed. (0x12B)
[0625/161117.740:ERROR:process_memory_win.cc(73)] ReadMemory at 0x25501ce8d90 of 168 bytes failed: Only part of a ReadProcessMemory or WriteProcessMemory request was completed. (0x12B)
[0625/161117.740:ERROR:process_memory_win.cc(73)] ReadMemory at 0x25501ce8e70 of 132 bytes failed: Only part of a ReadProcessMemory or WriteProcessMemory request was completed. (0x12B)
[0625/161117.740:ERROR:process_memory_win.cc(73)] ReadMemory at 0x25501ce9a00 of 132 bytes failed: Only part of a ReadProcessMemory or WriteProcessMemory request was completed. (0x12B)
[0625/161117.740:ERROR:process_memory_win.cc(73)] ReadMemory at 0x25501ce9c10 of 132 bytes failed: Only part of a ReadProcessMemory or WriteProcessMemory request was completed. (0x12B)
[0625/161117.741:ERROR:process_memory_win.cc(73)] ReadMemory at 0x25501cea5a0 of 132 bytes failed: Only part of a ReadProcessMemory or WriteProcessMemory request was completed. (0x12B)
[0625/161117.741:ERROR:process_memory_win.cc(73)] ReadMemory at 0x25501ced590 of 62 bytes failed: Only part of a ReadProcessMemory or WriteProcessMemory request was completed. (0x12B)
[0625/161117.741:ERROR:process_memory_win.cc(73)] ReadMemory at 0x25501ced630 of 62 bytes failed: Only part of a ReadProcessMemory or WriteProcessMemory request was completed. (0x12B)
[0625/161117.742:ERROR:process_memory_win.cc(73)] ReadMemory at 0x25501ced680 of 64 bytes failed: Only part of a ReadProcessMemory or WriteProcessMemory request was completed. (0x12B)
[0625/161117.742:ERROR:process_memory_win.cc(73)] ReadMemory at 0x25501ced770 of 64 bytes failed: Only part of a ReadProcessMemory or WriteProcessMemory request was completed. (0x12B)
[0625/161117.742:ERROR:process_memory_win.cc(73)] ReadMemory at 0x25501ced810 of 60 bytes failed: Only part of a ReadProcessMemory or WriteProcessMemory request was completed. (0x12B)
[0625/161117.744:ERROR:process_memory_win.cc(73)] ReadMemory at 0x25501ced860 of 66 bytes failed: Only part of a ReadProcessMemory or WriteProcessMemory request was completed. (0x12B)
[0625/161117.744:ERROR:process_memory_win.cc(73)] ReadMemory at 0x25501ced900 of 60 bytes failed: Only part of a ReadProcessMemory or WriteProcessMemory request was completed. (0x12B)
[0625/161117.744:ERROR:process_memory_win.cc(73)] ReadMemory at 0x25501ceda90 of 64 bytes failed: Only part of a ReadProcessMemory or WriteProcessMemory request was completed. (0x12B)
[0625/161117.744:ERROR:process_memory_win.cc(73)] ReadMemory at 0x25501cedae0 of 64 bytes failed: Only part of a ReadProcessMemory or WriteProcessMemory request was completed. (0x12B)
[0625/161117.783:ERROR:process_memory_win.cc(73)] ReadMemory at 0x25501cee2b0 of 76 bytes failed: Only part of a ReadProcessMemory or WriteProcessMemory request was completed. (0x12B)
[0625/161117.783:ERROR:process_memory_win.cc(73)] ReadMemory at 0x25501cee610 of 80 bytes failed: Only part of a ReadProcessMemory or WriteProcessMemory request was completed. (0x12B)
[0625/161117.784:ERROR:process_memory_win.cc(73)] ReadMemory at 0x25501ceed60 of 62 bytes failed: Only part of a ReadProcessMemory or WriteProcessMemory request was completed. (0x12B)
[0625/161117.784:ERROR:process_memory_win.cc(73)] ReadMemory at 0x25501ceee00 of 62 bytes failed: Only part of a ReadProcessMemory or WriteProcessMemory request was completed. (0x12B)
[0625/161117.784:ERROR:process_memory_win.cc(73)] ReadMemory at 0x25501ceeea0 of 64 bytes failed: Only part of a ReadProcessMemory or WriteProcessMemory request was completed. (0x12B)
[0625/161117.784:ERROR:process_memory_win.cc(73)] ReadMemory at 0x25501ceef40 of 60 bytes failed: Only part of a ReadProcessMemory or WriteProcessMemory request was completed. (0x12B)
[0625/161117.784:ERROR:process_memory_win.cc(73)] ReadMemory at 0x25501ceefe0 of 62 bytes failed: Only part of a ReadProcessMemory or WriteProcessMemory request was completed. (0x12B)
[0625/161117.785:ERROR:process_memory_win.cc(73)] ReadMemory at 0x25501cef120 of 60 bytes failed: Only part of a ReadProcessMemory or WriteProcessMemory request was completed. (0x12B)
[0625/161117.785:ERROR:process_memory_win.cc(73)] ReadMemory at 0x25501cef170 of 64 bytes failed: Only part of a ReadProcessMemory or WriteProcessMemory request was completed. (0x12B)
[0625/161117.785:ERROR:process_memory_win.cc(73)] ReadMemory at 0x25501cef210 of 62 bytes failed: Only part of a ReadProcessMemory or WriteProcessMemory request was completed. (0x12B)
[0625/161117.785:ERROR:process_memory_win.cc(73)] ReadMemory at 0x25501cef490 of 60 bytes failed: Only part of a ReadProcessMemory or WriteProcessMemory request was completed. (0x12B)
[0625/161117.785:ERROR:process_memory_win.cc(73)] ReadMemory at 0x25501cef4e0 of 64 bytes failed: Only part of a ReadProcessMemory or WriteProcessMemory request was completed. (0x12B)
[0625/161117.785:ERROR:process_memory_win.cc(73)] ReadMemory at 0x25501cef760 of 62 bytes failed: Only part of a ReadProcessMemory or WriteProcessMemory request was completed. (0x12B)
[0625/161117.785:ERROR:process_memory_win.cc(73)] ReadMemory at 0x25501cef7b0 of 60 bytes failed: Only part of a ReadProcessMemory or WriteProcessMemory request was completed. (0x12B)
[0625/161117.786:ERROR:process_memory_win.cc(73)] ReadMemory at 0x25501cef850 of 62 bytes failed: Only part of a ReadProcessMemory or WriteProcessMemory request was completed. (0x12B)
[0625/161117.787:ERROR:process_memory_win.cc(73)] ReadMemory at 0x25501cef8f0 of 58 bytes failed: Only part of a ReadProcessMemory or WriteProcessMemory request was completed. (0x12B)
[0625/161117.787:ERROR:process_memory_win.cc(73)] ReadMemory at 0x25501cef940 of 62 bytes failed: Only part of a ReadProcessMemory or WriteProcessMemory request was completed. (0x12B)
[0625/161117.787:ERROR:process_memory_win.cc(73)] ReadMemory at 0x25501cef990 of 62 bytes failed: Only part of a ReadProcessMemory or WriteProcessMemory request was completed. (0x12B)
[0625/161117.787:ERROR:process_memory_win.cc(73)] ReadMemory at 0x25501cef9e0 of 66 bytes failed: Only part of a ReadProcessMemory or WriteProcessMemory request was completed. (0x12B)
[0625/161117.830:ERROR:process_memory_win.cc(73)] ReadMemory at 0x25501cefad0 of 64 bytes failed: Only part of a ReadProcessMemory or WriteProcessMemory request was completed. (0x12B)
[0625/161117.830:ERROR:process_memory_win.cc(73)] ReadMemory at 0x25501cf0ea0 of 132 bytes failed: Only part of a ReadProcessMemory or WriteProcessMemory request was completed. (0x12B)
[0625/161117.830:ERROR:process_memory_win.cc(73)] ReadMemory at 0x25501cf1a70 of 132 bytes failed: Only part of a ReadProcessMemory or WriteProcessMemory request was completed. (0x12B)
[0625/161117.831:ERROR:process_memory_win.cc(73)] ReadMemory at 0x25501cf2590 of 54 bytes failed: Only part of a ReadProcessMemory or WriteProcessMemory request was completed. (0x12B)
[0625/161117.831:ERROR:process_memory_win.cc(73)] ReadMemory at 0x25501cf3c30 of 132 bytes failed: Only part of a ReadProcessMemory or WriteProcessMemory request was completed. (0x12B)
[0625/161117.831:ERROR:process_memory_win.cc(73)] ReadMemory at 0x25501cf3d60 of 132 bytes failed: Only part of a ReadProcessMemory or WriteProcessMemory request was completed. (0x12B)
[0625/161117.832:ERROR:process_memory_win.cc(73)] ReadMemory at 0x25501cf3f80 of 132 bytes failed: Only part of a ReadProcessMemory or WriteProcessMemory request was completed. (0x12B)
[0625/161117.832:ERROR:process_memory_win.cc(73)] ReadMemory at 0x25501cf5720 of 132 bytes failed: Only part of a ReadProcessMemory or WriteProcessMemory request was completed. (0x12B)
[0625/161117.832:ERROR:process_memory_win.cc(73)] ReadMemory at 0x25501cf5850 of 132 bytes failed: Only part of a ReadProcessMemory or WriteProcessMemory request was completed. (0x12B)
[0625/161117.833:ERROR:process_memory_win.cc(73)] ReadMemory at 0x25501cf7500 of 132 bytes failed: Only part of a ReadProcessMemory or WriteProcessMemory request was completed. (0x12B)
[0625/161117.833:ERROR:process_memory_win.cc(73)] ReadMemory at 0x25501cf7630 of 132 bytes failed: Only part of a ReadProcessMemory or WriteProcessMemory request was completed. (0x12B)
[0625/161117.833:ERROR:process_memory_win.cc(73)] ReadMemory at 0x25501cf7760 of 132 bytes failed: Only part of a ReadProcessMemory or WriteProcessMemory request was completed. (0x12B)
[0625/161117.834:ERROR:process_memory_win.cc(73)] ReadMemory at 0x25501cf7890 of 132 bytes failed: Only part of a ReadProcessMemory or WriteProcessMemory request was completed. (0x12B)
[0625/161117.834:ERROR:process_memory_win.cc(73)] ReadMemory at 0x25501cf79c0 of 132 bytes failed: Only part of a ReadProcessMemory or WriteProcessMemory request was completed. (0x12B)
[0625/161117.834:ERROR:process_memory_win.cc(73)] ReadMemory at 0x25501cf7af0 of 132 bytes failed: Only part of a ReadProcessMemory or WriteProcessMemory request was completed. (0x12B)
[0625/161117.836:ERROR:process_memory_win.cc(73)] ReadMemory at 0x25501cf7c20 of 132 bytes failed: Only part of a ReadProcessMemory or WriteProcessMemory request was completed. (0x12B)
[0625/161117.836:ERROR:process_memory_win.cc(73)] ReadMemory at 0x25501cf7d50 of 132 bytes failed: Only part of a ReadProcessMemory or WriteProcessMemory request was completed. (0x12B)
[0625/161117.836:ERROR:process_memory_win.cc(73)] ReadMemory at 0x25501cf7e80 of 132 bytes failed: Only part of a ReadProcessMemory or WriteProcessMemory request was completed. (0x12B)
[0625/161117.836:ERROR:process_memory_win.cc(73)] ReadMemory at 0x25501cf80e0 of 132 bytes failed: Only part of a ReadProcessMemory or WriteProcessMemory request was completed. (0x12B)
[0625/161117.836:ERROR:process_memory_win.cc(73)] ReadMemory at 0x25501cf8210 of 132 bytes failed: Only part of a ReadProcessMemory or WriteProcessMemory request was completed. (0x12B)
[0625/161117.836:ERROR:process_memory_win.cc(73)] ReadMemory at 0x25501cf8340 of 132 bytes failed: Only part of a ReadProcessMemory or WriteProcessMemory request was completed. (0x12B)
[0625/161117.837:ERROR:process_memory_win.cc(73)] ReadMemory at 0x25501cf8d10 of 132 bytes failed: Only part of a ReadProcessMemory or WriteProcessMemory request was completed. (0x12B)
[0625/161117.837:ERROR:process_memory_win.cc(73)] ReadMemory at 0x25501cf8e40 of 132 bytes failed: Only part of a ReadProcessMemory or WriteProcessMemory request was completed. (0x12B)
[0625/161117.837:ERROR:process_memory_win.cc(73)] ReadMemory at 0x25501cf91d0 of 132 bytes failed: Only part of a ReadProcessMemory or WriteProcessMemory request was completed. (0x12B)
[0625/161117.862:ERROR:process_memory_win.cc(73)] ReadMemory at 0x25501cf9300 of 132 bytes failed: Only part of a ReadProcessMemory or WriteProcessMemory request was completed. (0x12B)
[0625/161117.862:ERROR:process_memory_win.cc(73)] ReadMemory at 0x25501cf9430 of 132 bytes failed: Only part of a ReadProcessMemory or WriteProcessMemory request was completed. (0x12B)
[0625/161117.862:ERROR:process_memory_win.cc(73)] ReadMemory at 0x25501cf9560 of 132 bytes failed: Only part of a ReadProcessMemory or WriteProcessMemory request was completed. (0x12B)
[0625/161117.862:ERROR:process_memory_win.cc(73)] ReadMemory at 0x25501cfa140 of 132 bytes failed: Only part of a ReadProcessMemory or WriteProcessMemory request was completed. (0x12B)
[0625/161117.863:ERROR:process_memory_win.cc(73)] ReadMemory at 0x25501cfa270 of 132 bytes failed: Only part of a ReadProcessMemory or WriteProcessMemory request was completed. (0x12B)
[0625/161117.863:ERROR:process_memory_win.cc(73)] ReadMemory at 0x25501cfa3a0 of 132 bytes failed: Only part of a ReadProcessMemory or WriteProcessMemory request was completed. (0x12B)
[0625/161117.863:ERROR:process_memory_win.cc(73)] ReadMemory at 0x25501cfa990 of 132 bytes failed: Only part of a ReadProcessMemory or WriteProcessMemory request was completed. (0x12B)
[0625/161117.863:ERROR:process_memory_win.cc(73)] ReadMemory at 0x25501d11220 of 512 bytes failed: Only part of a ReadProcessMemory or WriteProcessMemory request was completed. (0x12B)
[0625/161117.863:ERROR:process_memory_win.cc(73)] ReadMemory at 0x25501d120b0 of 512 bytes failed: Only part of a ReadProcessMemory or WriteProcessMemory request was completed. (0x12B)
[0625/161117.863:ERROR:process_memory_win.cc(73)] ReadMemory at 0x25501d15580 of 512 bytes failed: Only part of a ReadProcessMemory or WriteProcessMemory request was completed. (0x12B)
[0625/161117.864:ERROR:process_memory_win.cc(73)] ReadMemory at 0x25501d15900 of 512 bytes failed: Only part of a ReadProcessMemory or WriteProcessMemory request was completed. (0x12B)
[0625/161117.864:ERROR:process_memory_win.cc(73)] ReadMemory at 0x25501f70c40 of 512 bytes failed: Only part of a ReadProcessMemory or WriteProcessMemory request was completed. (0x12B)
[0625/161117.864:ERROR:process_memory_win.cc(73)] ReadMemory at 0x25501f71180 of 512 bytes failed: Only part of a ReadProcessMemory or WriteProcessMemory request was completed. (0x12B)
[0625/161117.865:ERROR:process_memory_win.cc(73)] ReadMemory at 0x25501f71cc0 of 512 bytes failed: Only part of a ReadProcessMemory or WriteProcessMemory request was completed. (0x12B)
[0625/161117.865:ERROR:process_memory_win.cc(73)] ReadMemory at 0x25502529650 of 512 bytes failed: Only part of a ReadProcessMemory or WriteProcessMemory request was completed. (0x12B)
[0625/161117.866:ERROR:process_memory_win.cc(73)] ReadMemory at 0x25502574398 of 512 bytes failed: Only part of a ReadProcessMemory or WriteProcessMemory request was completed. (0x12B)
[0625/161117.866:ERROR:process_memory_win.cc(73)] ReadMemory at 0x255025b0000 of 384 bytes failed: Only part of a ReadProcessMemory or WriteProcessMemory request was completed. (0x12B)
[0625/161117.866:ERROR:process_memory_win.cc(73)] ReadMemory at 0x25502612560 of 512 bytes failed: Only part of a ReadProcessMemory or WriteProcessMemory request was completed. (0x12B)
[0625/161117.866:ERROR:process_memory_win.cc(73)] ReadMemory at 0x2550265b540 of 512 bytes failed: Only part of a ReadProcessMemory or WriteProcessMemory request was completed. (0x12B)
[0625/161117.867:ERROR:process_memory_win.cc(73)] ReadMemory at 0x2550266d0b0 of 512 bytes failed: Only part of a ReadProcessMemory or WriteProcessMemory request was completed. (0x12B)
[0625/161117.868:ERROR:process_memory_win.cc(73)] ReadMemory at 0x25502684860 of 512 bytes failed: Only part of a ReadProcessMemory or WriteProcessMemory request was completed. (0x12B)
[0625/161117.868:ERROR:process_memory_win.cc(73)] ReadMemory at 0x25502976f60 of 512 bytes failed: Only part of a ReadProcessMemory or WriteProcessMemory request was completed. (0x12B)
[0625/161117.868:ERROR:process_memory_win.cc(73)] ReadMemory at 0x25502b83270 of 512 bytes failed: Only part of a ReadProcessMemory or WriteProcessMemory request was completed. (0x12B)
[0625/161117.869:ERROR:process_memory_win.cc(73)] ReadMemory at 0x25502b89270 of 712 bytes failed: Only part of a ReadProcessMemory or WriteProcessMemory request was completed. (0x12B)
[0625/161117.869:ERROR:process_memory_win.cc(73)] ReadMemory at 0x25502c41a68 of 512 bytes failed: Only part of a ReadProcessMemory or WriteProcessMemory request was completed. (0x12B)
[0625/161117.870:ERROR:process_memory_win.cc(73)] ReadMemory at 0x255031f84e8 of 512 bytes failed: Only part of a ReadProcessMemory or WriteProcessMemory request was completed. (0x12B)
[0625/161117.870:ERROR:process_memory_win.cc(73)] ReadMemory at 0x35908040669 of 512 bytes failed: Only part of a ReadProcessMemory or WriteProcessMemory request was completed. (0x12B)
[0625/161117.948:ERROR:process_memory_win.cc(73)] ReadMemory at 0x18d75b42d1d0 of 512 bytes failed: Only part of a ReadProcessMemory or WriteProcessMemory request was completed. (0x12B)
[0625/161117.948:ERROR:process_memory_win.cc(73)] ReadMemory at 0x22223fa675b8 of 512 bytes failed: Only part of a ReadProcessMemory or WriteProcessMemory request was completed. (0x12B)
[0625/161117.948:ERROR:process_memory_win.cc(73)] ReadMemory at 0x6b54777307a0 of 512 bytes failed: Only part of a ReadProcessMemory or WriteProcessMemory request was completed. (0x12B)
[0625/161117.949:ERROR:process_memory_win.cc(73)] ReadMemory at 0x6b5477730d40 of 512 bytes failed: Only part of a ReadProcessMemory or WriteProcessMemory request was completed. (0x12B)
[0625/161117.949:ERROR:process_memory_win.cc(73)] ReadMemory at 0x6b5477778400 of 512 bytes failed: Only part of a ReadProcessMemory or WriteProcessMemory request was completed. (0x12B)
[0625/161117.950:ERROR:process_memory_win.cc(73)] ReadMemory at 0x7ffbbd0138f0 of 512 bytes failed: Only part of a ReadProcessMemory or WriteProcessMemory request was completed. (0x12B)
[0625/161117.950:ERROR:process_memory_win.cc(73)] ReadMemory at 0x7ffbbe401a78 of 512 bytes failed: Only part of a ReadProcessMemory or WriteProcessMemory request was completed. (0x12B)
[0625/161117.950:ERROR:process_memory_win.cc(73)] ReadMemory at 0x7ffbbebd3626 of 512 bytes failed: Only part of a ReadProcessMemory or WriteProcessMemory request was completed. (0x12B)
[0625/161117.950:ERROR:process_memory_win.cc(73)] ReadMemory at 0x7ffbbebdcdc0 of 512 bytes failed: Only part of a ReadProcessMemory or WriteProcessMemory request was completed. (0x12B)
[0625/161117.951:ERROR:process_memory_win.cc(73)] ReadMemory at 0x7ffbee647a2d of 512 bytes failed: Only part of a ReadProcessMemory or WriteProcessMemory request was completed. (0x12B)
[0625/161117.951:ERROR:process_memory_win.cc(73)] ReadMemory at 0x7ffbee648208 of 512 bytes failed: Only part of a ReadProcessMemory or WriteProcessMemory request was completed. (0x12B)
[0625/161117.951:ERROR:process_memory_win.cc(73)] ReadMemory at 0x7ffc0cc05db0 of 512 bytes failed: Only part of a ReadProcessMemory or WriteProcessMemory request was completed. (0x12B)
[0625/161117.952:ERROR:process_memory_win.cc(73)] ReadMemory at 0x7ffc0e7dc074 of 672 bytes failed: Only part of a ReadProcessMemory or WriteProcessMemory request was completed. (0x12B)
[0625/161117.952:ERROR:process_memory_win.cc(73)] ReadMemory at 0x7ffc0e7df924 of 608 bytes failed: Only part of a ReadProcessMemory or WriteProcessMemory request was completed. (0x12B)
[0625/161117.952:ERROR:process_memory_win.cc(73)] ReadMemory at 0x7ffc0e86c428 of 18 bytes failed: Only part of a ReadProcessMemory or WriteProcessMemory request was completed. (0x12B)
[0625/161117.953:ERROR:process_memory_win.cc(73)] ReadMemory at 0x7ffc0e89f4f8 of 40 bytes failed: Only part of a ReadProcessMemory or WriteProcessMemory request was completed. (0x12B)
[0625/161117.953:ERROR:process_memory_win.cc(73)] ReadMemory at 0x7ffc0e89f978 of 48 bytes failed: Only part of a ReadProcessMemory or WriteProcessMemory request was completed. (0x12B)
[0625/161117.953:ERROR:process_memory_win.cc(73)] ReadMemory at 0x7ffc0e8a53c0 of 64 bytes failed: Only part of a ReadProcessMemory or WriteProcessMemory request was completed. (0x12B)
[0625/161118.369:ERROR:scoped_process_suspend.cc(40)] NtResumeProcess: An attempt was made to access an exiting process. (0xc000010a)
